<?xml version="1.0" encoding="UTF-8"?>
<!-- Generated by org.testng.reporters.JUnitXMLReporter -->
<testsuite ignored="0" hostname="DESKTOP-GC5HGKU" failures="1" tests="1" name="Test1" time="3.742" errors="0" timestamp="2023-06-12T22:28:42 IST">
  <testcase classname="Qagroup.MavenComandSureFire.cross_browser_testing" name="crossBrowsing" time="3.686">
    <failure type="org.openqa.selenium.SessionNotCreatedException" message="session not created
from no such execution context: loader has changed while resolving nodes
  (Session info: chrome=114.0.5735.110)
Build info: version: &amp;apos;3.141.59&amp;apos;, revision: &amp;apos;e82be7d358&amp;apos;, time: &amp;apos;2018-11-14T08:17:03&amp;apos;
System info: host: &amp;apos;DESKTOP-GC5HGKU&amp;apos;, ip: &amp;apos;192.168.1.3&amp;apos;, os.name: &amp;apos;Windows 10&amp;apos;, os.arch: &amp;apos;amd64&amp;apos;, os.version: &amp;apos;10.0&amp;apos;, java.version: &amp;apos;17.0.5&amp;apos;
Driver info: driver.version: ChromeDriver
remote stacktrace: Backtrace:
	GetHandleVerifier [0x011AA813+48355]
	(No symbol) [0x0113C4B1]
	(No symbol) [0x01045358]
	(No symbol) [0x01047D86]
	(No symbol) [0x010499E1]
	(No symbol) [0x01049A80]
	(No symbol) [0x01091F1B]
	(No symbol) [0x0109093C]
	(No symbol) [0x0108A536]
	(No symbol) [0x010682DC]
	(No symbol) [0x010693DD]
	GetHandleVerifier [0x0140AABD+2539405]
	GetHandleVerifier [0x0144A78F+2800735]
	GetHandleVerifier [0x0144456C+2775612]
	GetHandleVerifier [0x012351E0+616112]
	(No symbol) [0x01145F8C]
	(No symbol) [0x01142328]
	(No symbol) [0x0114240B]
	(No symbol) [0x01134FF7]
	BaseThreadInitThunk [0x774E00C9+25]
	RtlGetAppContainerNamedObjectPath [0x77C97B4E+286]
	RtlGetAppContainerNamedObjectPath [0x77C97B1E+238]
">
      <![CDATA[org.openqa.selenium.SessionNotCreatedException: session not created
from no such execution context: loader has changed while resolving nodes
  (Session info: chrome=114.0.5735.110)
Build info: version: '3.141.59', revision: 'e82be7d358', time: '2018-11-14T08:17:03'
System info: host: 'DESKTOP-GC5HGKU', ip: '192.168.1.3', os.name: 'Windows 10', os.arch: 'amd64', os.version: '10.0', java.version: '17.0.5'
Driver info: driver.version: ChromeDriver
remote stacktrace: Backtrace:
GetHandleVerifier [0x011AA813+48355]
(No symbol) [0x0113C4B1]
(No symbol) [0x01045358]
(No symbol) [0x01047D86]
(No symbol) [0x010499E1]
(No symbol) [0x01049A80]
(No symbol) [0x01091F1B]
(No symbol) [0x0109093C]
(No symbol) [0x0108A536]
(No symbol) [0x010682DC]
(No symbol) [0x010693DD]
GetHandleVerifier [0x0140AABD+2539405]
GetHandleVerifier [0x0144A78F+2800735]
GetHandleVerifier [0x0144456C+2775612]
GetHandleVerifier [0x012351E0+616112]
(No symbol) [0x01145F8C]
(No symbol) [0x01142328]
(No symbol) [0x0114240B]
(No symbol) [0x01134FF7]
BaseThreadInitThunk [0x774E00C9+25]
RtlGetAppContainerNamedObjectPath [0x77C97B4E+286]
RtlGetAppContainerNamedObjectPath [0x77C97B1E+238]

at org.openqa.selenium.remote.W3CHandshakeResponse.lambda$errorHandler$0(W3CHandshakeResponse.java:62)
at org.openqa.selenium.remote.HandshakeResponse.lambda$getResponseFunction$0(HandshakeResponse.java:30)
at org.openqa.selenium.remote.ProtocolHandshake.lambda$createSession$0(ProtocolHandshake.java:126)
at java.base/java.util.stream.ReferencePipeline$3$1.accept(ReferencePipeline.java:197)
at java.base/java.util.Spliterators$ArraySpliterator.tryAdvance(Spliterators.java:1002)
at java.base/java.util.stream.ReferencePipeline.forEachWithCancel(ReferencePipeline.java:129)
at java.base/java.util.stream.AbstractPipeline.copyIntoWithCancel(AbstractPipeline.java:527)
at java.base/java.util.stream.AbstractPipeline.copyInto(AbstractPipeline.java:513)
at java.base/java.util.stream.AbstractPipeline.wrapAndCopyInto(AbstractPipeline.java:499)
at java.base/java.util.stream.FindOps$FindOp.evaluateSequential(FindOps.java:150)
at java.base/java.util.stream.AbstractPipeline.evaluate(AbstractPipeline.java:234)
at java.base/java.util.stream.ReferencePipeline.findFirst(ReferencePipeline.java:647)
at org.openqa.selenium.remote.ProtocolHandshake.createSession(ProtocolHandshake.java:128)
at org.openqa.selenium.remote.ProtocolHandshake.createSession(ProtocolHandshake.java:74)
at org.openqa.selenium.remote.HttpCommandExecutor.execute(HttpCommandExecutor.java:136)
at org.openqa.selenium.remote.service.DriverCommandExecutor.execute(DriverCommandExecutor.java:83)
at org.openqa.selenium.remote.RemoteWebDriver.execute(RemoteWebDriver.java:552)
at org.openqa.selenium.remote.RemoteWebDriver.startSession(RemoteWebDriver.java:213)
at org.openqa.selenium.remote.RemoteWebDriver.<init>(RemoteWebDriver.java:131)
at org.openqa.selenium.chrome.ChromeDriver.<init>(ChromeDriver.java:181)
at org.openqa.selenium.chrome.ChromeDriver.<init>(ChromeDriver.java:168)
at org.openqa.selenium.chrome.ChromeDriver.<init>(ChromeDriver.java:123)
at Qagroup.MavenComandSureFire.cross_browser_testing.crossBrowsing(cross_browser_testing.java:27)
at java.base/java.util.ArrayList.forEach(ArrayList.java:1511)
at java.base/java.util.concurrent.FutureTask.run(FutureTask.java:264)
at java.base/java.util.concurrent.ThreadPoolExecutor.runWorker(ThreadPoolExecutor.java:1136)
at java.base/java.util.concurrent.ThreadPoolExecutor$Worker.run(ThreadPoolExecutor.java:635)
at java.base/java.lang.Thread.run(Thread.java:833)
... Removed 23 stack frames]]>
    </failure>
  </testcase> <!-- crossBrowsing -->
</testsuite> <!-- Test1 -->
